<?xml version="1.0" encoding="UTF-8"?>
<!-- Generated by org.testng.reporters.JUnitReportReporter -->
<testsuite hostname="GOWTHAMVASUDEVAN" failures="0" tests="1" name="org.test.Blazedem" time="24.964" errors="0" timestamp="10 Jan 2021 18:58:24 GMT" skipped="0">
  <testcase classname="org.test.Blazedem" name="testcase" time="24.964"/>
</testsuite> <!-- org.test.Blazedem -->
